[1008/130951:WARNING:resource_bundle.cc(304)] locale_file_path.empty()
[1008/130951:ERROR:main_delegate.cc(564)] Could not load locale pak for en-US
[1008/130951:ERROR:main_delegate.cc(571)] Could not load cef.pak
[1008/130951:ERROR:main_delegate.cc(588)] Could not load cef_100_percent.pak
[1008/130952:WARNING:resource_bundle.cc(497)] locale resources are not loaded
[1008/130953:WARNING:resource_bundle.cc(304)] locale_file_path.empty()
[1008/130953:ERROR:main_delegate.cc(564)] Could not load locale pak for en-US
[1008/130953:ERROR:main_delegate.cc(571)] Could not load cef.pak
[1008/130953:ERROR:main_delegate.cc(588)] Could not load cef_100_percent.pak
[1008/130953:WARNING:resource_bundle.cc(304)] locale_file_path.empty()
[1008/130953:ERROR:main_delegate.cc(564)] Could not load locale pak for en-US
[1008/130953:ERROR:main_delegate.cc(571)] Could not load cef.pak
[1008/130953:ERROR:main_delegate.cc(588)] Could not load cef_100_percent.pak
[1008/130953:WARNING:resource_bundle.cc(497)] locale resources are not loaded
[1008/130953:WARNING:resource_bundle.cc(304)] locale_file_path.empty()
[1008/130953:ERROR:main_delegate.cc(564)] Could not load locale pak for en-US
[1008/130953:ERROR:main_delegate.cc(571)] Could not load cef.pak
[1008/130953:ERROR:main_delegate.cc(588)] Could not load cef_100_percent.pak
[1008/130954:WARNING:resource_bundle.cc(497)] locale resources are not loaded
[1008/130954:WARNING:resource_bundle.cc(304)] locale_file_path.empty()
[1008/130954:ERROR:main_delegate.cc(564)] Could not load locale pak for en-US
[1008/130954:ERROR:main_delegate.cc(571)] Could not load cef.pak
[1008/130954:ERROR:main_delegate.cc(588)] Could not load cef_100_percent.pak
[1008/130955:WARNING:resource_bundle.cc(304)] locale_file_path.empty()
[1008/130955:ERROR:main_delegate.cc(564)] Could not load locale pak for en-US
[1008/130955:ERROR:main_delegate.cc(571)] Could not load cef.pak
[1008/130955:ERROR:main_delegate.cc(588)] Could not load cef_100_percent.pak
[1008/131003:WARNING:resource_bundle.cc(304)] locale_file_path.empty()
[1008/131003:ERROR:main_delegate.cc(564)] Could not load locale pak for en-US
[1008/131003:ERROR:main_delegate.cc(571)] Could not load cef.pak
[1008/131003:ERROR:main_delegate.cc(588)] Could not load cef_100_percent.pak
[1008/131003:WARNING:resource_bundle.cc(497)] locale resources are not loaded
[1008/131003:WARNING:resource_bundle.cc(304)] locale_file_path.empty()
[1008/131003:ERROR:main_delegate.cc(564)] Could not load locale pak for en-US
[1008/131003:ERROR:main_delegate.cc(571)] Could not load cef.pak
[1008/131003:ERROR:main_delegate.cc(588)] Could not load cef_100_percent.pak
